SQL> LIST
SP2-0223: No lines in SQL buffer.
SQL> INPUT HOLA
SQL> LIST
  1* HOLA
SQL> APPEND QUE TAL
  1* HOLAQUE TAL
SQL> CHANGE QUE TAL
  2* HOLAQ
SQL> DEL
SQL> LIST
SP2-0223: No lines in SQL buffer. 
SQL> INPUT ADIOS
SQL> SAVE file.lst
Created file .lst
SQL> GET file.lst
  1* ADIOS


SQL> DESCRIBE PROFESOR;
 Name					   Null?    Type
 ----------------------------------------- 
 DNI					   NOT NULL NUMBER(8)
 P						            VARCHAR2(60)
 CAR						          NUMBER(3)
 CAT						          VARCHAR2(5)


SQL> HELP

 HELP
 ----

 Accesses this command line help system. Enter HELP INDEX or ? INDEX
 for a list of topics.

 You can view SQL*Plus resources at
     http://www.oracle.com/technology/documentation/

 ******************************************************************************
 
 
 SQL> DEFINE PELICULA = "BAYWATCH"
SQL> DEFINE PELICULA
DEFINE PELICULA        = "BAYWATCH" (CHAR)

 **  Top 12.2 features:                                                      **
 **    - Fast retrieval of data as CSV for use in applications like          **
 **      SQL*Loader. Use SQLPLUS -M "CSV ON" or SET MARKUP CSV ON            **
 **    - Improved defaults and optimizations for reports. Use SQLPLUS -F     **
 **    - Command recall. Use SET HISTORY ON and HISTORY to list previous     **
 **      commands.                                                           **
 ******************************************************************************

 HELP|? [topic]
 
SQL> 



SQL> PAUSE HOLA
HOLA

SQL> PROMPT HOLA
HOLA


SQL> TTI HOLA
SQL> TTI
ttitle ON and is the following 4 characters:
HOLA
SQL> BTI ADIOS
SQL> BTI
btitle ON and is the following 5 characters:
ADIOS

SQL> HOST pwd
/home/siga01.stic.ull.es/fd/alu0101037653


SQL> SHOW USER
USER is "ALU0101037653"

SQL> INPUT HOLA
SQL> LIST
  1* HOLA
SQL> APPEND  QUE TAL
  1* HOLA QUE TAL
SQL> CHANGE /QUE TAL/ADIOS
  1* HOLA ADIOS
SQL> DEL
SQL> LIST
SP2-0223: No lines in SQL buffer.
SQL> INPUT ADIOS
SQL> SAVE arch.lst
Created file arch.lst
SQL> GET arch.lst
  1* ADIOS
SQL> 



SQL> DISCONNECT
Disconnected from Oracle Database 12c Enterprise Edition Release 12.2.0.1.0 - 64bit Production
SQL> EXIT
alu0101037653@c2:~$ 






SQL> VARIABLE areas VARCHAR2(15);
SQL> PRINT areas;

AREAS
--------------------------------------------------------------------------------

